[debug] [2021-01-27T14:54:14.745Z] ----------------------------------------------------------------------
[debug] [2021-01-27T14:54:14.749Z] Command:       C:\Program Files\nodejs\node.exe C:\Users\kevin.mcgillicuddy\AppData\Roaming\npm\node_modules\firebase-tools\lib\bin\firebase.js deploy
[debug] [2021-01-27T14:54:14.749Z] CLI Version:   9.2.2
[debug] [2021-01-27T14:54:14.749Z] Platform:      win32
[debug] [2021-01-27T14:54:14.749Z] Node Version:  v14.15.1
[debug] [2021-01-27T14:54:14.751Z] Time:          Wed Jan 27 2021 09:54:14 GMT-0500 (Eastern Standard Time)
[debug] [2021-01-27T14:54:14.751Z] ----------------------------------------------------------------------
[debug] [2021-01-27T14:54:14.751Z] 
[debug] [2021-01-27T14:54:14.759Z] > command requires scopes: ["email","openid","https://www.googleapis.com/auth/cloudplatformprojects.readonly","https://www.googleapis.com/auth/firebase","https://www.googleapis.com/auth/cloud-platform"]
[debug] [2021-01-27T14:54:14.760Z] > authorizing via signed-in user
[debug] [2021-01-27T14:54:14.760Z] [iam] checking project lcarchivewebsite for permissions ["cloudfunctions.functions.create","cloudfunctions.functions.delete","cloudfunctions.functions.get","cloudfunctions.functions.list","cloudfunctions.functions.update","cloudfunctions.operations.get","firebase.projects.get","firebasehosting.sites.update"]
[debug] [2021-01-27T14:54:14.763Z] >>> HTTP REQUEST POST https://cloudresourcemanager.googleapis.com/v1/projects/lcarchivewebsite:testIamPermissions  
 {"permissions":["cloudfunctions.functions.create","cloudfunctions.functions.delete","cloudfunctions.functions.get","cloudfunctions.functions.list","cloudfunctions.functions.update","cloudfunctions.operations.get","firebase.projects.get","firebasehosting.sites.update"]}
[debug] [2021-01-27T14:54:15.157Z] <<< HTTP RESPONSE 200 {"content-type":"application/json; charset=UTF-8","vary":"X-Origin, Referer, Origin,Accept-Encoding","date":"Wed, 27 Jan 2021 14:54:20 GMT","server":"ESF","cache-control":"private","x-xss-protection":"0","x-frame-options":"SAMEORIGIN","x-content-type-options":"nosniff","server-timing":"gfet4t7; dur=42","alt-svc":"h3-29=\":443\"; ma=2592000,h3-T051=\":443\"; ma=2592000,h3-Q050=\":443\"; ma=2592000,h3-Q046=\":443\"; ma=2592000,h3-Q043=\":443\"; ma=2592000,quic=\":443\"; ma=2592000; v=\"46,43\"","accept-ranges":"none","transfer-encoding":"chunked"}
[debug] [2021-01-27T14:54:15.163Z] >>> HTTP REQUEST POST https://iam.googleapis.com/v1/projects/lcarchivewebsite/serviceAccounts/lcarchivewebsite@appspot.gserviceaccount.com:testIamPermissions  
 {"permissions":["iam.serviceAccounts.actAs"]}
[debug] [2021-01-27T14:54:15.484Z] <<< HTTP RESPONSE 200 {"content-type":"application/json; charset=UTF-8","vary":"X-Origin, Referer, Origin,Accept-Encoding","date":"Wed, 27 Jan 2021 14:54:21 GMT","server":"ESF","cache-control":"private","x-xss-protection":"0","x-frame-options":"SAMEORIGIN","x-content-type-options":"nosniff","alt-svc":"h3-29=\":443\"; ma=2592000,h3-T051=\":443\"; ma=2592000,h3-Q050=\":443\"; ma=2592000,h3-Q046=\":443\"; ma=2592000,h3-Q043=\":443\"; ma=2592000,quic=\":443\"; ma=2592000; v=\"46,43\"","accept-ranges":"none","transfer-encoding":"chunked"}
[debug] [2021-01-27T14:54:15.490Z] > refreshing access token with scopes: []
[debug] [2021-01-27T14:54:15.492Z] >>> HTTP REQUEST POST https://www.googleapis.com/oauth2/v3/token  
 <request body omitted>
[debug] [2021-01-27T14:54:15.769Z] <<< HTTP RESPONSE 200 {"cache-control":"no-cache, no-store, max-age=0, must-revalidate","pragma":"no-cache","expires":"Mon, 01 Jan 1990 00:00:00 GMT","date":"Wed, 27 Jan 2021 14:54:21 GMT","content-type":"application/json; charset=utf-8","vary":"X-Origin, Referer, Origin,Accept-Encoding","server":"scaffolding on HTTPServer2","x-xss-protection":"0","x-frame-options":"SAMEORIGIN","x-content-type-options":"nosniff","alt-svc":"h3-29=\":443\"; ma=2592000,h3-T051=\":443\"; ma=2592000,h3-Q050=\":443\"; ma=2592000,h3-Q046=\":443\"; ma=2592000,h3-Q043=\":443\"; ma=2592000,quic=\":443\"; ma=2592000; v=\"46,43\"","accept-ranges":"none","transfer-encoding":"chunked"}
[debug] [2021-01-27T14:54:15.796Z] >>> [apiv2][query] GET https://firebase.googleapis.com/v1beta1/projects/lcarchivewebsite [none]
[debug] [2021-01-27T14:54:16.053Z] <<< [apiv2][status] GET https://firebase.googleapis.com/v1beta1/projects/lcarchivewebsite 200
